<?xml version="1.0" encoding="UTF-8"?>
<!-- Generated by org.testng.reporters.JUnitXMLReporter -->
<testsuite ignored="0" hostname="Kumars-MacBook-Pro.local" failures="2" tests="2" name="Post" time="0.111" errors="0" timestamp="2021-08-12T07:59:31 PDT">
  <testcase classname="com.shaku.UpdateUserTest" name="testUpdateUser" time="0.078">
    <failure type="java.lang.AssertionError" message="expected [200] but found [404]">
      <![CDATA[java.lang.AssertionError: expected [200] but found [404]
at com.shaku.UpdateUserTest.testUpdateUser(UpdateUserTest.java:24)
at java.base/java.util.ArrayList.forEach(ArrayList.java:1511)
... Removed 33 stack frames]]>
    </failure>
  </testcase> <!-- testUpdateUser -->
  <testcase classname="com.shaku.UpdateUserTest" name="testUpdateUser_200" time="0.025">
    <failure type="com.fasterxml.jackson.databind.exc.UnrecognizedPropertyException" message="Unrecognized field &amp;quot;timestamp&amp;quot; (class com.shaku.model.person), not marked as ignorable (3 known properties: &amp;quot;id&amp;quot;, &amp;quot;description&amp;quot;, &amp;quot;name&amp;quot;])
 at [Source: (String)&amp;quot;{&amp;quot;timestamp&amp;quot;:&amp;quot;2021-08-12T14:59:31.672+00:00&amp;quot;,&amp;quot;status&amp;quot;:404,&amp;quot;error&amp;quot;:&amp;quot;Not Found&amp;quot;,&amp;quot;message&amp;quot;:&amp;quot;&amp;quot;,&amp;quot;path&amp;quot;:&amp;quot;/api/persons/update/12&amp;quot;}&amp;quot;; line: 1, column: 15] (through reference chain: com.shaku.model.person[&amp;quot;timestamp&amp;quot;])">
      <![CDATA[com.fasterxml.jackson.databind.exc.UnrecognizedPropertyException: Unrecognized field "timestamp" (class com.shaku.model.person), not marked as ignorable (3 known properties: "id", "description", "name"])
 at [Source: (String)"{"timestamp":"2021-08-12T14:59:31.672+00:00","status":404,"error":"Not Found","message":"","path":"/api/persons/update/12"}"; line: 1, column: 15] (through reference chain: com.shaku.model.person["timestamp"])
at com.fasterxml.jackson.databind.exc.UnrecognizedPropertyException.from(UnrecognizedPropertyException.java:61)
at com.fasterxml.jackson.databind.DeserializationContext.handleUnknownProperty(DeserializationContext.java:987)
at com.fasterxml.jackson.databind.deser.std.StdDeserializer.handleUnknownProperty(StdDeserializer.java:1974)
at com.fasterxml.jackson.databind.deser.BeanDeserializerBase.handleUnknownProperty(BeanDeserializerBase.java:1701)
at com.fasterxml.jackson.databind.deser.BeanDeserializerBase.handleUnknownVanilla(BeanDeserializerBase.java:1679)
at com.fasterxml.jackson.databind.deser.BeanDeserializer.vanillaDeserialize(BeanDeserializer.java:330)
at com.fasterxml.jackson.databind.deser.BeanDeserializer.deserialize(BeanDeserializer.java:187)
at com.fasterxml.jackson.databind.deser.DefaultDeserializationContext.readRootValue(DefaultDeserializationContext.java:322)
at com.fasterxml.jackson.databind.ObjectMapper._readMapAndClose(ObjectMapper.java:4593)
at com.fasterxml.jackson.databind.ObjectMapper.readValue(ObjectMapper.java:3548)
at com.fasterxml.jackson.databind.ObjectMapper$readValue$2.call(Unknown Source)
at org.codehaus.groovy.runtime.callsite.CallSiteArray.defaultCall(CallSiteArray.java:47)
at com.fasterxml.jackson.databind.ObjectMapper$readValue$2.call(Unknown Source)
at io.restassured.internal.path.json.mapping.JsonPathJackson2ObjectDeserializer.deserialize(JsonPathJackson2ObjectDeserializer.groovy:46)
at io.restassured.path.json.mapping.JsonPathObjectDeserializer$deserialize.call(Unknown Source)
at io.restassured.internal.mapping.Jackson2Mapper.deserialize(Jackson2Mapper.groovy:58)
at io.restassured.mapper.ObjectMapper$deserialize$0.call(Unknown Source)
at io.restassured.internal.mapping.ObjectMapping.parseWithJackson2(ObjectMapping.groovy:238)
at io.restassured.internal.mapping.ObjectMapping$parseWithJackson2$1.callStatic(Unknown Source)
at io.restassured.internal.mapping.ObjectMapping.deserialize(ObjectMapping.groovy:59)
at io.restassured.internal.mapping.ObjectMapping$deserialize$0.call(Unknown Source)
at io.restassured.internal.RestAssuredResponseOptionsGroovyImpl.as(RestAssuredResponseOptionsGroovyImpl.groovy:231)
at io.restassured.internal.RestAssuredResponseOptionsImpl.as(RestAssuredResponseOptionsImpl.java:169)
at com.shaku.UpdateUserTest.testUpdateUser_200(UpdateUserTest.java:32)
at java.base/java.util.ArrayList.forEach(ArrayList.java:1511)
... Removed 27 stack frames]]>
    </failure>
  </testcase> <!-- testUpdateUser_200 -->
</testsuite> <!-- Post -->
