<?xml version="1.0" encoding="UTF-8"?>
<testng-results ignored="0" total="2" passed="2" failed="0" skipped="0">
  <reporter-output>
  </reporter-output>
  <suite started-at="2021-08-12T19:47:27 PDT" name="Default suite" finished-at="2021-08-12T19:47:34 PDT" duration-ms="6615">
    <groups>
    </groups>
    <test started-at="2021-08-12T19:47:27 PDT" name="Default test" finished-at="2021-08-12T19:47:34 PDT" duration-ms="6615">
      <class name="com.shaku.GetInvoiceTest">
        <test-method is-config="true" signature="init()[pri:0, instance:com.shaku.GetInvoiceTest@446293d]" started-at="2021-08-12T19:47:27 PDT" name="init" finished-at="2021-08-12T19:47:27 PDT" duration-ms="10" status="PASS">
          <reporter-output>
          </reporter-output>
        </test-method> <!-- init -->
        <test-method signature="testGetInvoice()[pri:0, instance:com.shaku.GetInvoiceTest@446293d]" started-at="2021-08-12T19:47:27 PDT" name="testGetInvoice" finished-at="2021-08-12T19:47:34 PDT" duration-ms="6408" status="PASS">
          <reporter-output>
          </reporter-output>
        </test-method> <!-- testGetInvoice -->
        <test-method signature="testGetInvoicer_200()[pri:0, instance:com.shaku.GetInvoiceTest@446293d]" started-at="2021-08-12T19:47:34 PDT" name="testGetInvoicer_200" finished-at="2021-08-12T19:47:34 PDT" duration-ms="113" status="PASS">
          <reporter-output>
          </reporter-output>
        </test-method> <!-- testGetInvoicer_200 -->
      </class> <!-- com.shaku.GetInvoiceTest -->
    </test> <!-- Default test -->
  </suite> <!-- Default suite -->
</testng-results>
